<?xml version="1.0" encoding="UTF-8"?>
<!-- Generated by org.testng.reporters.JUnitReportReporter -->
<testsuite hostname="Shaik-PC" name="day20.RightClick" tests="1" failures="0" timestamp="1 May 2017 06:59:06 GMT" time="0.234" errors="1">
  <testcase name="rightClickTest" time="0.234" classname="day20.RightClick">
    <error type="org.openqa.selenium.WebDriverException" message="[JavaScript Error: &quot;Argument to isShown must be of type Element&quot; {file: &quot;file:///C:/Users/Shaik/AppData/Local/Temp/anonymous8229722138253884744webdriver-profile/extensions/fxdriver@googlecode.com/components/synthetic-mouse.js&quot; line: 8678}]&#039;[JavaScript Error: &quot;Argument to isShown must be of type Element&quot; {file: &quot;file:///C:/Users/Shaik/AppData/Local/Temp/anonymous8229722138253884744webdriver-profile/extensions/fxdriver@googlecode.com/components/synthetic-mouse.js&quot; line: 8678}]&#039; when calling method: [wdIMouse::contextClick]
Command duration or timeout: 17 milliseconds
Build info: version: &#039;2.53.1&#039;, revision: &#039;a36b8b1&#039;, time: &#039;2016-06-30 17:37:03&#039;
System info: host: &#039;Shaik-PC&#039;, ip: &#039;192.168.1.33&#039;, os.name: &#039;Windows 7&#039;, os.arch: &#039;amd64&#039;, os.version: &#039;6.1&#039;, java.version: &#039;1.7.0_79&#039;
Session ID: 02bd126b-19d6-4790-8b51-f055eaa20914
Driver info: org.openqa.selenium.firefox.FirefoxDriver
Capabilities [{platform=WINDOWS, acceptSslCerts=true, javascriptEnabled=true, cssSelectorsEnabled=true, databaseEnabled=true, browserName=firefox, handlesAlerts=true, nativeEvents=false, webStorageEnabled=true, rotatable=false, locationContextEnabled=true, applicationCacheEnabled=true, takesScreenshot=true, version=45.0.2}]">
      <![CDATA[org.openqa.selenium.WebDriverException: [JavaScript Error: "Argument to isShown must be of type Element" {file: "file:///C:/Users/Shaik/AppData/Local/Temp/anonymous8229722138253884744webdriver-profile/extensions/fxdriver@googlecode.com/components/synthetic-mouse.js" line: 8678}]'[JavaScript Error: "Argument to isShown must be of type Element" {file: "file:///C:/Users/Shaik/AppData/Local/Temp/anonymous8229722138253884744webdriver-profile/extensions/fxdriver@googlecode.com/components/synthetic-mouse.js" line: 8678}]' when calling method: [wdIMouse::contextClick]
Command duration or timeout: 17 milliseconds
Build info: version: '2.53.1', revision: 'a36b8b1', time: '2016-06-30 17:37:03'
System info: host: 'Shaik-PC', ip: '192.168.1.33', os.name: 'Windows 7', os.arch: 'amd64', os.version: '6.1', java.version: '1.7.0_79'
Session ID: 02bd126b-19d6-4790-8b51-f055eaa20914
Driver info: org.openqa.selenium.firefox.FirefoxDriver
Capabilities [{platform=WINDOWS, acceptSslCerts=true, javascriptEnabled=true, cssSelectorsEnabled=true, databaseEnabled=true, browserName=firefox, handlesAlerts=true, nativeEvents=false, webStorageEnabled=true, rotatable=false, locationContextEnabled=true, applicationCacheEnabled=true, takesScreenshot=true, version=45.0.2}]
	at sun.reflect.NativeConstructorAccessorImpl.newInstance0(Native Method)
	at sun.reflect.NativeConstructorAccessorImpl.newInstance(NativeConstructorAccessorImpl.java:57)
	at sun.reflect.DelegatingConstructorAccessorImpl.newInstance(DelegatingConstructorAccessorImpl.java:45)
	at java.lang.reflect.Constructor.newInstance(Constructor.java:526)
	at org.openqa.selenium.remote.ErrorHandler.createThrowable(ErrorHandler.java:206)
	at org.openqa.selenium.remote.ErrorHandler.throwIfResponseFailed(ErrorHandler.java:158)
	at org.openqa.selenium.remote.RemoteWebDriver.execute(RemoteWebDriver.java:678)
	at org.openqa.selenium.remote.RemoteExecuteMethod.execute(RemoteExecuteMethod.java:35)
	at org.openqa.selenium.remote.RemoteMouse.contextClick(RemoteMouse.java:65)
	at org.openqa.selenium.interactions.ContextClickAction.perform(ContextClickAction.java:41)
	at org.openqa.selenium.interactions.CompositeAction.perform(CompositeAction.java:50)
	at day20.RightClick.rightClickTest(RightClick.java:26)
	at sun.reflect.NativeMethodAccessorImpl.invoke0(Native Method)
	at sun.reflect.NativeMethodAccessorImpl.invoke(NativeMethodAccessorImpl.java:57)
	at sun.reflect.DelegatingMethodAccessorImpl.invoke(DelegatingMethodAccessorImpl.java:43)
	at java.lang.reflect.Method.invoke(Method.java:606)
	at org.testng.internal.MethodInvocationHelper.invokeMethod(MethodInvocationHelper.java:85)
	at org.testng.internal.Invoker.invokeMethod(Invoker.java:639)
	at org.testng.internal.Invoker.invokeTestMethod(Invoker.java:816)
	at org.testng.internal.Invoker.invokeTestMethods(Invoker.java:1124)
	at org.testng.internal.TestMethodWorker.invokeTestMethods(TestMethodWorker.java:125)
	at org.testng.internal.TestMethodWorker.run(TestMethodWorker.java:108)
	at org.testng.TestRunner.privateRun(TestRunner.java:774)
	at org.testng.TestRunner.run(TestRunner.java:624)
	at org.testng.SuiteRunner.runTest(SuiteRunner.java:359)
	at org.testng.SuiteRunner.runSequentially(SuiteRunner.java:354)
	at org.testng.SuiteRunner.privateRun(SuiteRunner.java:312)
	at org.testng.SuiteRunner.run(SuiteRunner.java:261)
	at org.testng.SuiteRunnerWorker.runSuite(SuiteRunnerWorker.java:52)
	at org.testng.SuiteRunnerWorker.run(SuiteRunnerWorker.java:86)
	at org.testng.TestNG.runSuitesSequentially(TestNG.java:1215)
	at org.testng.TestNG.runSuitesLocally(TestNG.java:1140)
	at org.testng.TestNG.run(TestNG.java:1048)
	at org.testng.remote.AbstractRemoteTestNG.run(AbstractRemoteTestNG.java:132)
	at org.testng.remote.RemoteTestNG.initAndRun(RemoteTestNG.java:230)
	at org.testng.remote.RemoteTestNG.main(RemoteTestNG.java:76)
Caused by: org.openqa.selenium.WebDriverException: [JavaScript Error: "Argument to isShown must be of type Element" {file: "file:///C:/Users/Shaik/AppData/Local/Temp/anonymous8229722138253884744webdriver-profile/extensions/fxdriver@googlecode.com/components/synthetic-mouse.js" line: 8678}]'[JavaScript Error: "Argument to isShown must be of type Element" {file: "file:///C:/Users/Shaik/AppData/Local/Temp/anonymous8229722138253884744webdriver-profile/extensions/fxdriver@googlecode.com/components/synthetic-mouse.js" line: 8678}]' when calling method: [wdIMouse::contextClick]
Build info: version: '2.53.1', revision: 'a36b8b1', time: '2016-06-30 17:37:03'
System info: host: 'Shaik-PC', ip: '192.168.1.33', os.name: 'Windows 7', os.arch: 'amd64', os.version: '6.1', java.version: '1.7.0_79'
Driver info: driver.version: unknown
	at <anonymous class>.FirefoxDriver.prototype.mouseClick(file:///C:/Users/Shaik/AppData/Local/Temp/anonymous8229722138253884744webdriver-profile/extensions/fxdriver@googlecode.com/components/driver-component.js:11097)
	at <anonymous class>.DelayedCommand.prototype.executeInternal_/h(file:///C:/Users/Shaik/AppData/Local/Temp/anonymous8229722138253884744webdriver-profile/extensions/fxdriver@googlecode.com/components/command-processor.js:12661)
	at <anonymous class>.DelayedCommand.prototype.executeInternal_(file:///C:/Users/Shaik/AppData/Local/Temp/anonymous8229722138253884744webdriver-profile/extensions/fxdriver@googlecode.com/components/command-processor.js:12666)
	at <anonymous class>.DelayedCommand.prototype.execute/<(file:///C:/Users/Shaik/AppData/Local/Temp/anonymous8229722138253884744webdriver-profile/extensions/fxdriver@googlecode.com/components/command-processor.js:12608)
]]>
    </error>
  </testcase> <!-- rightClickTest -->
</testsuite> <!-- day20.RightClick -->
